> Task :checkKotlinGradlePluginConfigurationErrors SKIPPED

> Task :compileKotlin FAILED
e: file:///C:/Users/kumar/OneDrive/Desktop/SpringBoot/ClientDemo/SplitPalBackendV2/src/main/kotlin/org/example/splitpalbackendv2/Controller/AuthController.kt:26:32 Unresolved reference 'findUserByEmail'.
e: file:///C:/Users/kumar/OneDrive/Desktop/SpringBoot/ClientDemo/SplitPalBackendV2/src/main/kotlin/org/example/splitpalbackendv2/Controller/AuthController.kt:26:56 Unresolved reference 'email'.
e: file:///C:/Users/kumar/OneDrive/Desktop/SpringBoot/ClientDemo/SplitPalBackendV2/src/main/kotlin/org/example/splitpalbackendv2/security/jwtFilter.kt:55:65 Unresolved reference 'email'.

FAILURE: Build failed with an exception.

* What went wrong:
Execution failed for task ':compileKotlin'.
> A failure occurred while executing org.jetbrains.kotlin.compilerRunner.GradleCompilerRunnerWithWorkers$GradleKotlinCompilerWorkAction
   > Compilation error. See log for more details

* Try:
> Run with --stacktrace option to get the stack trace.
> Run with --info or --debug option to get more log output.
> Run with --scan to generate a Build Scan (powered by Develocity).
> Get more help at https://help.gradle.org.

BUILD FAILED in 2s
1 actionable task: 1 executed
